<?xml version="1.0" encoding="UTF-8"?>
<testng-results total="3" passed="3" failed="0" skipped="0">
  <reporter-output>
  </reporter-output>
  <suite started-at="2024-08-06T17:02:15Z" name="Test Suite for Buildout" finished-at="2024-08-06T17:03:14Z" duration-ms="58607">
    <groups>
    </groups>
    <test started-at="2024-08-06T17:02:15Z" name="Test Cases for Buildout" finished-at="2024-08-06T17:03:14Z" duration-ms="58607">
      <class name="demo.TestCases">
        <test-method is-config="true" signature="startBrowser()[pri:0, instance:demo.TestCases@6e6d5d29]" started-at="2024-08-06T22:32:15Z" name="startBrowser" finished-at="2024-08-06T22:32:21Z" duration-ms="5935" status="PASS">
          <reporter-output>
          </reporter-output>
        </test-method> <!-- startBrowser -->
        <test-method signature="testCase01()[pri:0, instance:demo.TestCases@6e6d5d29]" started-at="2024-08-06T22:32:21Z" name="testCase01" finished-at="2024-08-06T22:32:35Z" duration-ms="13499" status="PASS">
          <reporter-output>
          </reporter-output>
        </test-method> <!-- testCase01 -->
        <test-method signature="testCase02()[pri:0, instance:demo.TestCases@6e6d5d29]" started-at="2024-08-06T22:32:35Z" name="testCase02" finished-at="2024-08-06T22:32:50Z" duration-ms="15095" status="PASS">
          <reporter-output>
          </reporter-output>
        </test-method> <!-- testCase02 -->
        <test-method signature="testCase03()[pri:0, instance:demo.TestCases@6e6d5d29]" started-at="2024-08-06T22:32:50Z" name="testCase03" finished-at="2024-08-06T22:33:12Z" duration-ms="22884" status="PASS">
          <reporter-output>
          </reporter-output>
        </test-method> <!-- testCase03 -->
        <test-method is-config="true" signature="endTest()[pri:0, instance:demo.TestCases@6e6d5d29]" started-at="2024-08-06T22:33:12Z" name="endTest" finished-at="2024-08-06T22:33:14Z" duration-ms="1175" status="PASS">
          <reporter-output>
          </reporter-output>
        </test-method> <!-- endTest -->
      </class> <!-- demo.TestCases -->
    </test> <!-- Test Cases for Buildout -->
  </suite> <!-- Test Suite for Buildout -->
</testng-results>
